Determining if the pthread_create exist failed with the following output:
Change Dir: /home/bot_ws/build/CMakeFiles/CMakeTmp

Run Build Command:"/usr/bin/make" "cmTC_de3e2/fast"
/usr/bin/make -f CMakeFiles/cmTC_de3e2.dir/build.make CMakeFiles/cmTC_de3e2.dir/build
make[1]: Entering directory '/home/bot_ws/build/CMakeFiles/CMakeTmp'
Building C object CMakeFiles/cmTC_de3e2.dir/CheckSymbolExists.c.o
/usr/bin/cc     -o CMakeFiles/cmTC_de3e2.dir/CheckSymbolExists.c.o   -c /home/bot_ws/build/CMakeFiles/CMakeTmp/CheckSymbolExists.c
Linking C executable cmTC_de3e2
/usr/bin/cmake -E cmake_link_script CMakeFiles/cmTC_de3e2.dir/link.txt --verbose=1
/usr/bin/cc       CMakeFiles/cmTC_de3e2.dir/CheckSymbolExists.c.o  -o cmTC_de3e2 -rdynamic 
CMakeFiles/cmTC_de3e2.dir/CheckSymbolExists.c.o: In function `main':
CheckSymbolExists.c:(.text+0x16): undefined reference to `pthread_create'
collect2: error: ld returned 1 exit status
CMakeFiles/cmTC_de3e2.dir/build.make:97: recipe for target 'cmTC_de3e2' failed
make[1]: *** [cmTC_de3e2] Error 1
make[1]: Leaving directory '/home/bot_ws/build/CMakeFiles/CMakeTmp'
Makefile:126: recipe for target 'cmTC_de3e2/fast' failed
make: *** [cmTC_de3e2/fast] Error 2

File /home/bot_ws/build/CMakeFiles/CMakeTmp/CheckSymbolExists.c:
/* */
#include <pthread.h>

int main(int argc, char** argv)
{
  (void)argv;
#ifndef pthread_create
  return ((int*)(&pthread_create))[argc];
#else
  (void)argc;
  return 0;
#endif
}

Determining if the function pthread_create exists in the pthreads failed with the following output:
Change Dir: /home/bot_ws/build/CMakeFiles/CMakeTmp

Run Build Command:"/usr/bin/make" "cmTC_22dbb/fast"
/usr/bin/make -f CMakeFiles/cmTC_22dbb.dir/build.make CMakeFiles/cmTC_22dbb.dir/build
make[1]: Entering directory '/home/bot_ws/build/CMakeFiles/CMakeTmp'
Building C object CMakeFiles/cmTC_22dbb.dir/CheckFunctionExists.c.o
/usr/bin/cc    -DCHECK_FUNCTION_EXISTS=pthread_create   -o CMakeFiles/cmTC_22dbb.dir/CheckFunctionExists.c.o   -c /usr/share/cmake-3.5/Modules/CheckFunctionExists.c
Linking C executable cmTC_22dbb
/usr/bin/cmake -E cmake_link_script CMakeFiles/cmTC_22dbb.dir/link.txt --verbose=1
/usr/bin/cc   -DCHECK_FUNCTION_EXISTS=pthread_create    CMakeFiles/cmTC_22dbb.dir/CheckFunctionExists.c.o  -o cmTC_22dbb -rdynamic -lpthreads 
/usr/bin/ld: cannot find -lpthreads
collect2: error: ld returned 1 exit status
CMakeFiles/cmTC_22dbb.dir/build.make:97: recipe for target 'cmTC_22dbb' failed
make[1]: *** [cmTC_22dbb] Error 1
make[1]: Leaving directory '/home/bot_ws/build/CMakeFiles/CMakeTmp'
Makefile:126: recipe for target 'cmTC_22dbb/fast' failed
make: *** [cmTC_22dbb/fast] Error 2


